<?xml version="1.0" encoding="utf-8"?><testsuites name="pytest tests"><testsuite name="pytest" errors="0" failures="0" skipped="0" tests="19" time="2.453" timestamp="2026-07-22T17:36:48.148901+00:00" hostname="agent-env-93db9964-37bd-49cb-913d-b704c1ab17c2"><testcase classname="tests.backend_test.TestAlbumsPublic" name="test_wedding_albums_min_3" time="0.352" /><testcase classname="tests.backend_test.TestAuth" name="test_login_success" time="0.352" /><testcase classname="tests.backend_test.TestAlbumsPublic" name="test_prewedding_albums_min_2" time="0.105" /><testcase classname="tests.backend_test.TestAuth" name="test_login_bad_creds" time="0.056" /><testcase classname="tests.backend_test.TestAuth" name="test_admin_without_bearer_401" time="0.056" /><testcase classname="tests.backend_test.TestAlbumsPublic" name="test_cinematic_albums_min_2" time="0.051" /><testcase classname="tests.backend_test.TestAuth" name="test_admin_media_without_bearer_401" time="0.047" /><testcase classname="tests.backend_test.TestAlbumsPublic" name="test_album_by_slug_aarav_meera" time="0.062" /><testcase classname="tests.backend_test.TestAuth" name="test_admin_testimonial_without_bearer_401" time="0.056" /><testcase classname="tests.backend_test.TestAuth" name="test_admin_settings_without_bearer_401" time="0.050" /><testcase classname="tests.backend_test.TestAlbumsPublic" name="test_album_by_slug_not_found" time="0.054" /><testcase classname="tests.backend_test.TestSettings" name="test_get_settings" time="0.052" /><testcase classname="tests.backend_test.TestAlbumsPublic" name="test_cinematic_film_slug" time="0.061" /><testcase classname="tests.backend_test.TestHealth" name="test_health" time="0.049" /><testcase classname="tests.backend_test.TestSettings" name="test_update_settings_reflects" time="0.339" /><testcase classname="tests.backend_test.TestAlbumCRUD" name="test_create_update_delete_album" time="0.614" /><testcase classname="tests.backend_test.TestTestimonials" name="test_list" time="0.053" /><testcase classname="tests.backend_test.TestMediaCRUD" name="test_create_update_delete_media" time="0.261" /><testcase classname="tests.backend_test.TestTestimonialCRUD" name="test_create_update_delete" time="0.164" /></testsuite></testsuites>